<?xml version="1.0" encoding="UTF-8"?>
<testsuite xmlns:xsi="http://www.w3.org/2001/XMLSchema-instance" xsi:noNamespaceSchemaLocation="https://maven.apache.org/surefire/maven-surefire-plugin/xsd/surefire-test-report-3.0.xsd" version="3.0" name="test.java.TestsGrille" time="18.569" tests="17" errors="0" skipped="0" failures="0">
  <properties>
    <property name="sun.desktop" value="windows"/>
    <property name="awt.toolkit" value="sun.awt.windows.WToolkit"/>
    <property name="java.specification.version" value="11"/>
    <property name="sun.cpu.isalist" value="amd64"/>
    <property name="sun.jnu.encoding" value="Cp1252"/>
    <property name="java.class.path" value="C:\Exercice3-n\target\test-classes;C:\Exercice3-n\target\classes;C:\Users\HOUESSOU\.m2\repository\org\junit\jupiter\junit-jupiter-engine\5.4.2\junit-jupiter-engine-5.4.2.jar;C:\Users\HOUESSOU\.m2\repository\org\apiguardian\apiguardian-api\1.0.0\apiguardian-api-1.0.0.jar;C:\Users\HOUESSOU\.m2\repository\org\junit\platform\junit-platform-engine\1.4.2\junit-platform-engine-1.4.2.jar;C:\Users\HOUESSOU\.m2\repository\org\opentest4j\opentest4j\1.1.1\opentest4j-1.1.1.jar;C:\Users\HOUESSOU\.m2\repository\org\junit\platform\junit-platform-commons\1.4.2\junit-platform-commons-1.4.2.jar;C:\Users\HOUESSOU\.m2\repository\org\junit\jupiter\junit-jupiter-api\5.4.2\junit-jupiter-api-5.4.2.jar;C:\Users\HOUESSOU\.m2\repository\org\junit\platform\junit-platform-surefire-provider\1.1.0\junit-platform-surefire-provider-1.1.0.jar;C:\Users\HOUESSOU\.m2\repository\org\junit\platform\junit-platform-launcher\1.1.0\junit-platform-launcher-1.1.0.jar;C:\Users\HOUESSOU\.m2\repository\org\apache\maven\surefire\surefire-api\2.19.1\surefire-api-2.19.1.jar;C:\Users\HOUESSOU\.m2\repository\org\apache\maven\surefire\common-java5\2.19.1\common-java5-2.19.1.jar;C:\Users\HOUESSOU\.m2\repository\com\github\spotbugs\spotbugs\4.1.4\spotbugs-4.1.4.jar;C:\Users\HOUESSOU\.m2\repository\org\ow2\asm\asm\9.0\asm-9.0.jar;C:\Users\HOUESSOU\.m2\repository\org\ow2\asm\asm-analysis\9.0\asm-analysis-9.0.jar;C:\Users\HOUESSOU\.m2\repository\org\ow2\asm\asm-commons\9.0\asm-commons-9.0.jar;C:\Users\HOUESSOU\.m2\repository\org\ow2\asm\asm-tree\9.0\asm-tree-9.0.jar;C:\Users\HOUESSOU\.m2\repository\org\ow2\asm\asm-util\9.0\asm-util-9.0.jar;C:\Users\HOUESSOU\.m2\repository\org\apache\bcel\bcel\6.5.0\bcel-6.5.0.jar;C:\Users\HOUESSOU\.m2\repository\net\jcip\jcip-annotations\1.0\jcip-annotations-1.0.jar;C:\Users\HOUESSOU\.m2\repository\org\dom4j\dom4j\2.1.3\dom4j-2.1.3.jar;C:\Users\HOUESSOU\.m2\repository\org\apache\commons\commons-lang3\3.11\commons-lang3-3.11.jar;C:\Users\HOUESSOU\.m2\repository\org\apache\commons\commons-text\1.9\commons-text-1.9.jar;C:\Users\HOUESSOU\.m2\repository\org\slf4j\slf4j-api\1.8.0-beta4\slf4j-api-1.8.0-beta4.jar;C:\Users\HOUESSOU\.m2\repository\com\github\spotbugs\spotbugs-annotations\4.1.4\spotbugs-annotations-4.1.4.jar;C:\Users\HOUESSOU\.m2\repository\com\google\code\findbugs\jsr305\3.0.2\jsr305-3.0.2.jar;C:\Users\HOUESSOU\.m2\repository\org\json\json\20200518\json-20200518.jar;C:\Users\HOUESSOU\.m2\repository\jaxen\jaxen\1.2.0\jaxen-1.2.0.jar;C:\Users\HOUESSOU\.m2\repository\net\sf\saxon\Saxon-HE\10.2\Saxon-HE-10.2.jar;"/>
    <property name="java.vm.vendor" value="Oracle Corporation"/>
    <property name="sun.arch.data.model" value="64"/>
    <property name="user.variant" value=""/>
    <property name="java.vendor.url" value="https://openjdk.java.net/"/>
    <property name="user.timezone" value="Africa/Luanda"/>
    <property name="java.vm.specification.version" value="11"/>
    <property name="os.name" value="Windows 10"/>
    <property name="sun.java.launcher" value="SUN_STANDARD"/>
    <property name="user.country" value="FR"/>
    <property name="sun.boot.library.path" value="C:\Program Files\Java\jdk-11.0.8\bin"/>
    <property name="sun.java.command" value="C:\Users\HOUESSOU\AppData\Local\Temp\surefire1300059690698394889\surefirebooter6126326799410368117.jar C:\Users\HOUESSOU\AppData\Local\Temp\surefire1300059690698394889 2021-01-12T21-16-43_117-jvmRun1 surefire376154187557331303tmp surefire_016230259607906385543tmp"/>
    <property name="jdk.debug" value="release"/>
    <property name="surefire.test.class.path" value="C:\Exercice3-n\target\test-classes;C:\Exercice3-n\target\classes;C:\Users\HOUESSOU\.m2\repository\org\junit\jupiter\junit-jupiter-engine\5.4.2\junit-jupiter-engine-5.4.2.jar;C:\Users\HOUESSOU\.m2\repository\org\apiguardian\apiguardian-api\1.0.0\apiguardian-api-1.0.0.jar;C:\Users\HOUESSOU\.m2\repository\org\junit\platform\junit-platform-engine\1.4.2\junit-platform-engine-1.4.2.jar;C:\Users\HOUESSOU\.m2\repository\org\opentest4j\opentest4j\1.1.1\opentest4j-1.1.1.jar;C:\Users\HOUESSOU\.m2\repository\org\junit\platform\junit-platform-commons\1.4.2\junit-platform-commons-1.4.2.jar;C:\Users\HOUESSOU\.m2\repository\org\junit\jupiter\junit-jupiter-api\5.4.2\junit-jupiter-api-5.4.2.jar;C:\Users\HOUESSOU\.m2\repository\org\junit\platform\junit-platform-surefire-provider\1.1.0\junit-platform-surefire-provider-1.1.0.jar;C:\Users\HOUESSOU\.m2\repository\org\junit\platform\junit-platform-launcher\1.1.0\junit-platform-launcher-1.1.0.jar;C:\Users\HOUESSOU\.m2\repository\org\apache\maven\surefire\surefire-api\2.19.1\surefire-api-2.19.1.jar;C:\Users\HOUESSOU\.m2\repository\org\apache\maven\surefire\common-java5\2.19.1\common-java5-2.19.1.jar;C:\Users\HOUESSOU\.m2\repository\com\github\spotbugs\spotbugs\4.1.4\spotbugs-4.1.4.jar;C:\Users\HOUESSOU\.m2\repository\org\ow2\asm\asm\9.0\asm-9.0.jar;C:\Users\HOUESSOU\.m2\repository\org\ow2\asm\asm-analysis\9.0\asm-analysis-9.0.jar;C:\Users\HOUESSOU\.m2\repository\org\ow2\asm\asm-commons\9.0\asm-commons-9.0.jar;C:\Users\HOUESSOU\.m2\repository\org\ow2\asm\asm-tree\9.0\asm-tree-9.0.jar;C:\Users\HOUESSOU\.m2\repository\org\ow2\asm\asm-util\9.0\asm-util-9.0.jar;C:\Users\HOUESSOU\.m2\repository\org\apache\bcel\bcel\6.5.0\bcel-6.5.0.jar;C:\Users\HOUESSOU\.m2\repository\net\jcip\jcip-annotations\1.0\jcip-annotations-1.0.jar;C:\Users\HOUESSOU\.m2\repository\org\dom4j\dom4j\2.1.3\dom4j-2.1.3.jar;C:\Users\HOUESSOU\.m2\repository\org\apache\commons\commons-lang3\3.11\commons-lang3-3.11.jar;C:\Users\HOUESSOU\.m2\repository\org\apache\commons\commons-text\1.9\commons-text-1.9.jar;C:\Users\HOUESSOU\.m2\repository\org\slf4j\slf4j-api\1.8.0-beta4\slf4j-api-1.8.0-beta4.jar;C:\Users\HOUESSOU\.m2\repository\com\github\spotbugs\spotbugs-annotations\4.1.4\spotbugs-annotations-4.1.4.jar;C:\Users\HOUESSOU\.m2\repository\com\google\code\findbugs\jsr305\3.0.2\jsr305-3.0.2.jar;C:\Users\HOUESSOU\.m2\repository\org\json\json\20200518\json-20200518.jar;C:\Users\HOUESSOU\.m2\repository\jaxen\jaxen\1.2.0\jaxen-1.2.0.jar;C:\Users\HOUESSOU\.m2\repository\net\sf\saxon\Saxon-HE\10.2\Saxon-HE-10.2.jar;"/>
    <property name="sun.cpu.endian" value="little"/>
    <property name="user.home" value="C:\Users\HOUESSOU"/>
    <property name="user.language" value="fr"/>
    <property name="java.specification.vendor" value="Oracle Corporation"/>
    <property name="java.version.date" value="2020-07-14"/>
    <property name="java.home" value="C:\Program Files\Java\jdk-11.0.8"/>
    <property name="file.separator" value="\"/>
    <property name="basedir" value="C:\Exercice3-n"/>
    <property name="java.vm.compressedOopsMode" value="32-bit"/>
    <property name="line.separator" value="&#10;"/>
    <property name="java.specification.name" value="Java Platform API Specification"/>
    <property name="java.vm.specification.vendor" value="Oracle Corporation"/>
    <property name="java.awt.graphicsenv" value="sun.awt.Win32GraphicsEnvironment"/>
    <property name="surefire.real.class.path" value="C:\Users\HOUESSOU\AppData\Local\Temp\surefire1300059690698394889\surefirebooter6126326799410368117.jar"/>
    <property name="user.script" value=""/>
    <property name="sun.management.compiler" value="HotSpot 64-Bit Tiered Compilers"/>
    <property name="java.runtime.version" value="11.0.8+10-LTS"/>
    <property name="user.name" value="HOUESSOU"/>
    <property name="path.separator" value=";"/>
    <property name="os.version" value="10.0"/>
    <property name="java.runtime.name" value="Java(TM) SE Runtime Environment"/>
    <property name="file.encoding" value="Cp1252"/>
    <property name="java.vm.name" value="Java HotSpot(TM) 64-Bit Server VM"/>
    <property name="java.vendor.version" value="18.9"/>
    <property name="localRepository" value="C:\Users\HOUESSOU\.m2\repository"/>
    <property name="java.vendor.url.bug" value="https://bugreport.java.com/bugreport/"/>
    <property name="java.io.tmpdir" value="C:\Users\HOUESSOU\AppData\Local\Temp\"/>
    <property name="java.version" value="11.0.8"/>
    <property name="user.dir" value="C:\Exercice3-n"/>
    <property name="os.arch" value="amd64"/>
    <property name="java.vm.specification.name" value="Java Virtual Machine Specification"/>
    <property name="java.awt.printerjob" value="sun.awt.windows.WPrinterJob"/>
    <property name="sun.os.patch.level" value=""/>
    <property name="java.library.path" value="C:\Program Files\Java\jdk-11.0.8\bin;C:\WINDOWS\Sun\Java\bin;C:\WINDOWS\system32;C:\WINDOWS;C:\oraclexe\app\oracle\product\10.2.0\server\bin;C:\WINDOWS\system32;C:\WINDOWS;C:\WINDOWS\System32\Wbem;C:\WINDOWS\System32\WindowsPowerShell\v1.0\;C:\Program Files (x86)\Common Files\lenovo\easyplussdk\bin;C:\Program Files\Microsoft SQL Server\110\Tools\Binn\;C:\Program Files (x86)\Windows Kits\8.1\Windows Performance Toolkit\;C:\Program Files\Microsoft SQL Server Migration Assistant for MySQL\bin\;c:\Program Files (x86)\Microsoft SQL Server\110\Tools\Binn\;c:\Program Files (x86)\Microsoft SQL Server\110\DTS\Binn\;c:\Program Files (x86)\Microsoft SQL Server\110\Tools\Binn\ManagementStudio\;C:\WINDOWS\System32\OpenSSH\;C:\Android;C:\Windows\System32;C:\wamp\bin\php\php7.3.12;C:\composer;C:\Program Files\Microsoft VS Code\bin;C:\Program Files (x86)\Git\cmd;C:\opt\apache-maven-3.6.3\bin;C:\Program Files\Java\jdk-11.0.8\bin;C:\Users\HOUESSOU\AppData\Local\Programs\Python\Python37\Scripts\;C:\Users\HOUESSOU\AppData\Local\Programs\Python\Python37\;C:\Users\HOUESSOU\AppData\Local\Microsoft\WindowsApps;C:\Users\HOUESSOU\AppData\Roaming\Composer\vendor\bin;."/>
    <property name="java.vendor" value="Oracle Corporation"/>
    <property name="java.vm.info" value="mixed mode"/>
    <property name="java.vm.version" value="11.0.8+10-LTS"/>
    <property name="sun.io.unicode.encoding" value="UnicodeLittle"/>
    <property name="java.class.version" value="55.0"/>
  </properties>
  <testcase name="TestSetValue" classname="test.java.TestsGrille" time="0.002"/>
  <testcase name="TestGetValue2" classname="test.java.TestsGrille" time="0"/>
  <testcase name="TestGetValue3" classname="test.java.TestsGrille" time="0"/>
  <testcase name="TestGetValue4" classname="test.java.TestsGrille" time="0"/>
  <testcase name="TestGetValue" classname="test.java.TestsGrille" time="0"/>
  <testcase name="TestgetDimension" classname="test.java.TestsGrille" time="0"/>
  <testcase name="TestPossible2" classname="test.java.TestsGrille" time="0.001"/>
  <testcase name="TestPossible3" classname="test.java.TestsGrille" time="0"/>
  <testcase name="TestPossible4" classname="test.java.TestsGrille" time="0"/>
  <testcase name="resoudGrille1" classname="test.java.TestsGrille" time="18.432"/>
  <testcase name="TestComplete1" classname="test.java.TestsGrille" time="0"/>
  <testcase name="TestComplete" classname="test.java.TestsGrille" time="0"/>
  <testcase name="TestPossible" classname="test.java.TestsGrille" time="0"/>
  <testcase name="TestSetValue2" classname="test.java.TestsGrille" time="0"/>
  <testcase name="TestSetValue3" classname="test.java.TestsGrille" time="0"/>
  <testcase name="TestSetValue4" classname="test.java.TestsGrille" time="0"/>
  <testcase name="TestSetValue5" classname="test.java.TestsGrille" time="0"/>
</testsuite>